<?xml version="1.0" encoding="UTF-8"?>
<!-- Generated by org.testng.reporters.JUnitXMLReporter -->
<testsuite ignored="0" hostname="DESKTOP-5RK9T99" failures="0" tests="3" name="Test" time="0.087" errors="0" timestamp="2024-03-20T15:07:16 NPT">
  <testcase classname="annotationsTest.CheckAnnotations" name="test3" time="0.005"/>
  <testcase classname="annotationsTest.CheckAnnotations" name="test2" time="0.002"/>
  <testcase classname="annotationsTest.CheckAnnotations" name="test1" time="0.002"/>
</testsuite> <!-- Test -->
