<?xml version="1.0" encoding="UTF-8"?>
<testng-results ignored="0" total="1" passed="1" failed="0" skipped="0">
  <reporter-output>
    <line>
      <![CDATA[====BROWSER SESSION STARTED====]]>
    </line>
    <line>
      <![CDATA[===STARTING WITH CHROME BROWSER===]]>
    </line>
    <line>
      <![CDATA[==Login Test case Verified==]]>
    </line>
    <line>
      <![CDATA[==BROWSER SESSION END==]]>
    </line>
  </reporter-output>
  <suite started-at="2024-06-17T19:38:13 NPT" name="Suite" finished-at="2024-06-17T19:38:22 NPT" duration-ms="8802">
    <groups>
    </groups>
    <test started-at="2024-06-17T19:38:13 NPT" name="Test" finished-at="2024-06-17T19:38:22 NPT" duration-ms="8802">
      <class name="myPrj.LoginTest">
        <test-method is-config="true" signature="setUp()[pri:0, instance:myPrj.LoginTest@32c4e8b2]" started-at="2024-06-17T19:38:13 NPT" name="setUp" finished-at="2024-06-17T19:38:19 NPT" duration-ms="5962" status="PASS">
          <reporter-output>
            <line>
              <![CDATA[====BROWSER SESSION STARTED====]]>
            </line>
            <line>
              <![CDATA[===STARTING WITH CHROME BROWSER===]]>
            </line>
          </reporter-output>
        </test-method> <!-- setUp -->
        <test-method signature="loginValid()[pri:1, instance:myPrj.LoginTest@32c4e8b2]" started-at="2024-06-17T19:38:19 NPT" name="loginValid" description="Testcase - To Verify Successful Login" finished-at="2024-06-17T19:38:21 NPT" duration-ms="2050" status="PASS">
          <reporter-output>
            <line>
              <![CDATA[==Login Test case Verified==]]>
            </line>
          </reporter-output>
        </test-method> <!-- loginValid -->
        <test-method is-config="true" signature="tearDown()[pri:0, instance:myPrj.LoginTest@32c4e8b2]" started-at="2024-06-17T19:38:21 NPT" name="tearDown" finished-at="2024-06-17T19:38:22 NPT" duration-ms="722" status="PASS">
          <reporter-output>
            <line>
              <![CDATA[==BROWSER SESSION END==]]>
            </line>
          </reporter-output>
        </test-method> <!-- tearDown -->
      </class> <!-- myPrj.LoginTest -->
    </test> <!-- Test -->
  </suite> <!-- Suite -->
</testng-results>
