<?xml version="1.0" encoding="UTF-8"?>
<testng-results total="1" passed="1" failed="0" skipped="0">
  <reporter-output>
    <line>
      <![CDATA[====BROWSER SESSION STARTED====]]>
    </line>
    <line>
      <![CDATA[===STARTING WITH CHROME BROWSER===]]>
    </line>
    <line>
      <![CDATA[==Login Test case Verified==]]>
    </line>
    <line>
      <![CDATA[==BROWSER SESSION END==]]>
    </line>
  </reporter-output>
  <suite started-at="2024-05-22T10:36:59Z" name="Suite" finished-at="2024-05-22T10:37:05Z" duration-ms="5794">
    <groups>
    </groups>
    <test started-at="2024-05-22T10:36:59Z" name="Test" finished-at="2024-05-22T10:37:05Z" duration-ms="5794">
      <class name="myPrj.LoginTest">
        <test-method is-config="true" signature="setUp()[pri:0, instance:myPrj.LoginTest@5bfa8cc5]" started-at="2024-05-22T16:21:59Z" name="setUp" finished-at="2024-05-22T16:22:02Z" duration-ms="3535" status="PASS">
          <reporter-output>
            <line>
              <![CDATA[====BROWSER SESSION STARTED====]]>
            </line>
            <line>
              <![CDATA[===STARTING WITH CHROME BROWSER===]]>
            </line>
          </reporter-output>
        </test-method> <!-- setUp -->
        <test-method signature="loginValid()[pri:1, instance:myPrj.LoginTest@5bfa8cc5]" started-at="2024-05-22T16:22:02Z" name="loginValid" description="Testcase - To Verify Successful Login" finished-at="2024-05-22T16:22:04Z" duration-ms="1795" status="PASS">
          <reporter-output>
            <line>
              <![CDATA[==Login Test case Verified==]]>
            </line>
          </reporter-output>
        </test-method> <!-- loginValid -->
        <test-method is-config="true" signature="tearDown()[pri:0, instance:myPrj.LoginTest@5bfa8cc5]" started-at="2024-05-22T16:22:04Z" name="tearDown" finished-at="2024-05-22T16:22:05Z" duration-ms="454" status="PASS">
          <reporter-output>
            <line>
              <![CDATA[==BROWSER SESSION END==]]>
            </line>
          </reporter-output>
        </test-method> <!-- tearDown -->
      </class> <!-- myPrj.LoginTest -->
    </test> <!-- Test -->
  </suite> <!-- Suite -->
</testng-results>
