<?xml version="1.0" encoding="UTF-8"?>
<testng-results ignored="0" total="1" passed="1" failed="0" skipped="0">
  <reporter-output>
    <line>
      <![CDATA[====BROWSER SESSION STARTED====]]>
    </line>
    <line>
      <![CDATA[===STARTING WITH CHROME BROWSER===]]>
    </line>
    <line>
      <![CDATA[==Login Test case Verified==]]>
    </line>
    <line>
      <![CDATA[==BROWSER SESSION END==]]>
    </line>
  </reporter-output>
  <suite started-at="2024-05-21T20:34:29 NPT" name="Default suite" finished-at="2024-05-21T20:34:36 NPT" duration-ms="6720">
    <groups>
    </groups>
    <test started-at="2024-05-21T20:34:29 NPT" name="Default test" finished-at="2024-05-21T20:34:36 NPT" duration-ms="6720">
      <class name="myPrj.LoginTest">
        <test-method is-config="true" signature="setUp()[pri:0, instance:myPrj.LoginTest@2b30a42c]" started-at="2024-05-21T20:34:30 NPT" name="setUp" finished-at="2024-05-21T20:34:34 NPT" duration-ms="4823" status="PASS">
          <reporter-output>
            <line>
              <![CDATA[====BROWSER SESSION STARTED====]]>
            </line>
            <line>
              <![CDATA[===STARTING WITH CHROME BROWSER===]]>
            </line>
          </reporter-output>
        </test-method> <!-- setUp -->
        <test-method signature="loginValid()[pri:1, instance:myPrj.LoginTest@2b30a42c]" started-at="2024-05-21T20:34:34 NPT" name="loginValid" description="This testcase verifies successful Login" finished-at="2024-05-21T20:34:36 NPT" duration-ms="1690" status="PASS">
          <reporter-output>
            <line>
              <![CDATA[==Login Test case Verified==]]>
            </line>
          </reporter-output>
        </test-method> <!-- loginValid -->
        <test-method is-config="true" signature="tearDown()[pri:0, instance:myPrj.LoginTest@2b30a42c]" started-at="2024-05-21T20:34:36 NPT" name="tearDown" finished-at="2024-05-21T20:34:36 NPT" duration-ms="147" status="PASS">
          <reporter-output>
            <line>
              <![CDATA[==BROWSER SESSION END==]]>
            </line>
          </reporter-output>
        </test-method> <!-- tearDown -->
      </class> <!-- myPrj.LoginTest -->
    </test> <!-- Default test -->
  </suite> <!-- Default suite -->
</testng-results>
