<?xml version="1.0" encoding="UTF-8"?>
<testng-results ignored="0" total="1" passed="1" failed="0" skipped="0">
  <reporter-output>
    <line>
      <![CDATA[====BROWSER SESSION STARTED====]]>
    </line>
    <line>
      <![CDATA[===STARTING WITH CHROME BROWSER===]]>
    </line>
    <line>
      <![CDATA[==Login Test case Verified==]]>
    </line>
    <line>
      <![CDATA[==BROWSER SESSION END==]]>
    </line>
  </reporter-output>
  <suite started-at="2024-05-22T16:22:16 NPT" name="Default suite" finished-at="2024-05-22T16:22:22 NPT" duration-ms="5930">
    <groups>
    </groups>
    <test started-at="2024-05-22T16:22:16 NPT" name="Default test" finished-at="2024-05-22T16:22:22 NPT" duration-ms="5930">
      <class name="myPrj.LoginTest">
        <test-method is-config="true" signature="setUp()[pri:0, instance:myPrj.LoginTest@7e6ef134]" started-at="2024-05-22T16:22:16 NPT" name="setUp" finished-at="2024-05-22T16:22:20 NPT" duration-ms="3623" status="PASS">
          <reporter-output>
            <line>
              <![CDATA[====BROWSER SESSION STARTED====]]>
            </line>
            <line>
              <![CDATA[===STARTING WITH CHROME BROWSER===]]>
            </line>
          </reporter-output>
        </test-method> <!-- setUp -->
        <test-method signature="loginValid()[pri:1, instance:myPrj.LoginTest@7e6ef134]" started-at="2024-05-22T16:22:20 NPT" name="loginValid" description="Testcase - To Verify Successful Login" finished-at="2024-05-22T16:22:21 NPT" duration-ms="1805" status="PASS">
          <reporter-output>
            <line>
              <![CDATA[==Login Test case Verified==]]>
            </line>
          </reporter-output>
        </test-method> <!-- loginValid -->
        <test-method is-config="true" signature="tearDown()[pri:0, instance:myPrj.LoginTest@7e6ef134]" started-at="2024-05-22T16:22:21 NPT" name="tearDown" finished-at="2024-05-22T16:22:22 NPT" duration-ms="452" status="PASS">
          <reporter-output>
            <line>
              <![CDATA[==BROWSER SESSION END==]]>
            </line>
          </reporter-output>
        </test-method> <!-- tearDown -->
      </class> <!-- myPrj.LoginTest -->
    </test> <!-- Default test -->
  </suite> <!-- Default suite -->
</testng-results>
